<?xml version="1.0" encoding="UTF-8"?>
<testng-results skipped="0" failed="0" ignored="0" total="1" passed="1">
  <reporter-output>
  </reporter-output>
  <suite name="Default suite" duration-ms="14937" started-at="2022-09-19T13:57:54Z" finished-at="2022-09-19T13:58:09Z">
    <groups>
    </groups>
    <test name="Default test" duration-ms="14937" started-at="2022-09-19T13:57:54Z" finished-at="2022-09-19T13:58:09Z">
      <class name="org.tasks.FaceBook1">
        <test-method status="PASS" signature="beforeclass()[pri:0, instance:org.tasks.FaceBook1@31a5c39e]" name="beforeclass" is-config="true" duration-ms="8483" started-at="2022-09-19T13:57:54Z" finished-at="2022-09-19T13:58:02Z">
          <reporter-output>
          </reporter-output>
        </test-method> <!-- beforeclass -->
        <test-method status="PASS" signature="beforeeachmethod()[pri:0, instance:org.tasks.FaceBook1@31a5c39e]" name="beforeeachmethod" is-config="true" duration-ms="148" started-at="2022-09-19T13:58:02Z" finished-at="2022-09-19T13:58:03Z">
          <reporter-output>
          </reporter-output>
        </test-method> <!-- beforeeachmethod -->
        <test-method status="PASS" signature="busniesslogics()[pri:0, instance:org.tasks.FaceBook1@31a5c39e]" name="busniesslogics" duration-ms="497" started-at="2022-09-19T13:58:03Z" finished-at="2022-09-19T13:58:03Z">
          <reporter-output>
          </reporter-output>
        </test-method> <!-- busniesslogics -->
        <test-method status="PASS" signature="aftereachmethod()[pri:0, instance:org.tasks.FaceBook1@31a5c39e]" name="aftereachmethod" is-config="true" duration-ms="5102" started-at="2022-09-19T13:58:03Z" finished-at="2022-09-19T13:58:08Z">
          <reporter-output>
          </reporter-output>
        </test-method> <!-- aftereachmethod -->
        <test-method status="PASS" signature="afterclass()[pri:0, instance:org.tasks.FaceBook1@31a5c39e]" name="afterclass" is-config="true" duration-ms="691" started-at="2022-09-19T13:58:08Z" finished-at="2022-09-19T13:58:09Z">
          <reporter-output>
          </reporter-output>
        </test-method> <!-- afterclass -->
      </class> <!-- org.tasks.FaceBook1 -->
    </test> <!-- Default test -->
  </suite> <!-- Default suite -->
</testng-results>
